2025-04-28 00:00:51,538-INFO-Model Training Initailized...
2025-04-28 00:00:51,581-INFO-Processed Data loaded sucessfully...
2025-04-28 00:00:51,582-INFO-Feature Engineering Pipeline Created...
2025-04-28 00:00:52,766-INFO-Training and saving of model done...
2025-04-28 00:00:53,180-INFO-Training model score :0.8915378799866378
2025-04-28 00:00:53,322-INFO-Accuracy : 0.8604029677555469 ; Precision : 0.853017058002965 ; Recall : 0.8604029677555469  : F1-Score : 0.8531398431572598
2025-04-28 00:00:53,322-INFO-Model evaluation done..
2025-04-28 00:00:53,322-INFO-Model training and Evaluation Done...
2025-04-28 00:09:27,175-INFO-Data Processing Initialized...
2025-04-28 00:09:27,672-INFO-Data loaded sucessfully
2025-04-28 00:09:27,809-INFO-Target Variable Encoded...
2025-04-28 00:09:27,926-INFO-Splitted and saved sucessfully...
2025-04-28 00:09:27,932-INFO-Data Processing Completed...
2025-04-28 00:11:48,979-INFO-Data Processing Initialized...
2025-04-28 00:11:49,268-INFO-Data loaded sucessfully
2025-04-28 00:11:49,401-INFO-Target Variable Encoded...
2025-04-28 00:11:49,440-INFO-X_train columns: ['Location', 'MinTemp', 'MaxTemp', 'Rainfall', 'Evaporation', 'Sunshine', 'WindGustDir', 'WindGustSpeed', 'WindDir9am', 'WindDir3pm', 'WindSpeed9am', 'WindSpeed3pm', 'Humidity9am', 'Humidity3pm', 'Pressure9am', 'Pressure3pm', 'Cloud9am', 'Cloud3pm', 'Temp9am', 'Temp3pm', 'RainToday', 'Year', 'Month', 'Day']
2025-04-28 00:11:49,484-INFO-Splitted and saved sucessfully...
2025-04-28 00:11:49,489-INFO-Data Processing Completed...
2025-04-28 00:52:59,432-INFO-Model Training Initailized...
2025-04-28 00:52:59,502-INFO-Processed Data loaded sucessfully...
2025-04-28 00:52:59,503-INFO-Feature Engineering Pipeline Created...
2025-04-28 00:53:00,679-INFO-Training and saving of model done...
2025-04-28 00:53:01,079-INFO-Training model score :0.8915378799866378
2025-04-28 00:53:01,222-INFO-Accuracy : 0.8604029677555469 ; Precision : 0.853017058002965 ; Recall : 0.8604029677555469  : F1-Score : 0.8531398431572598
2025-04-28 00:53:01,222-INFO-Model evaluation done..
2025-04-28 00:53:01,222-INFO-Model training and Evaluation Done...
